This is pdfTeX, Version 3.141592653-2.6-1.40.22 (TeX Live 2022/dev/Debian) (preloaded format=pdflatex 2024.10.14)  29 MAR 2025 19:52
entering extended mode
 restricted \write18 enabled.
 %&-line parsing enabled.
**hw2.tex
(./hw2.tex
LaTeX2e <2021-11-15> patch level 1
L3 programming layer <2022-01-21>
(/usr/share/texlive/texmf-dist/tex/latex/base/article.cls
Document Class: article 2021/10/04 v1.4n Standard LaTeX document class
(/usr/share/texlive/texmf-dist/tex/latex/base/size11.clo
File: size11.clo 2021/10/04 v1.4n Standard LaTeX file (size option)
)
\c@part=\count185
\c@section=\count186
\c@subsection=\count187
\c@subsubsection=\count188
\c@paragraph=\count189
\c@subparagraph=\count190
\c@figure=\count191
\c@table=\count192
\abovecaptionskip=\skip47
\belowcaptionskip=\skip48
\bibindent=\dimen138
)
(/usr/share/texlive/texmf-dist/tex/latex/amsmath/amsmath.sty
Package: amsmath 2021/10/15 v2.17l AMS math features
\@mathmargin=\skip49

For additional information on amsmath, use the `?' option.
(/usr/share/texlive/texmf-dist/tex/latex/amsmath/amstext.sty
Package: amstext 2021/08/26 v2.01 AMS text

(/usr/share/texlive/texmf-dist/tex/latex/amsmath/amsgen.sty
File: amsgen.sty 1999/11/30 v2.0 generic functions
\@emptytoks=\toks16
\ex@=\dimen139
))
(/usr/share/texlive/texmf-dist/tex/latex/amsmath/amsbsy.sty
Package: amsbsy 1999/11/29 v1.2d Bold Symbols
\pmbraise@=\dimen140
)
(/usr/share/texlive/texmf-dist/tex/latex/amsmath/amsopn.sty
Package: amsopn 2021/08/26 v2.02 operator names
)
\inf@bad=\count193
LaTeX Info: Redefining \frac on input line 234.
\uproot@=\count194
\leftroot@=\count195
LaTeX Info: Redefining \overline on input line 399.
\classnum@=\count196
\DOTSCASE@=\count197
LaTeX Info: Redefining \ldots on input line 496.
LaTeX Info: Redefining \dots on input line 499.
LaTeX Info: Redefining \cdots on input line 620.
\Mathstrutbox@=\box50
\strutbox@=\box51
\big@size=\dimen141
LaTeX Font Info:    Redeclaring font encoding OML on input line 743.
LaTeX Font Info:    Redeclaring font encoding OMS on input line 744.
\macc@depth=\count198
\c@MaxMatrixCols=\count199
\dotsspace@=\muskip16
\c@parentequation=\count266
\dspbrk@lvl=\count267
\tag@help=\toks17
\row@=\count268
\column@=\count269
\maxfields@=\count270
\andhelp@=\toks18
\eqnshift@=\dimen142
\alignsep@=\dimen143
\tagshift@=\dimen144
\tagwidth@=\dimen145
\totwidth@=\dimen146
\lineht@=\dimen147
\@envbody=\toks19
\multlinegap=\skip50
\multlinetaggap=\skip51
\mathdisplay@stack=\toks20
LaTeX Info: Redefining \[ on input line 2938.
LaTeX Info: Redefining \] on input line 2939.
)
(/usr/share/texlive/texmf-dist/tex/latex/amsfonts/amssymb.sty
Package: amssymb 2013/01/14 v3.01 AMS font symbols

(/usr/share/texlive/texmf-dist/tex/latex/amsfonts/amsfonts.sty
Package: amsfonts 2013/01/14 v3.01 Basic AMSFonts support
\symAMSa=\mathgroup4
\symAMSb=\mathgroup5
LaTeX Font Info:    Redeclaring math symbol \hbar on input line 98.
LaTeX Font Info:    Overwriting math alphabet `\mathfrak' in version `bold'
(Font)                  U/euf/m/n --> U/euf/b/n on input line 106.
))
(/usr/share/texlive/texmf-dist/tex/latex/titling/titling.sty
Package: titling 2009/09/04 v2.1d maketitle typesetting
\thanksmarkwidth=\skip52
\thanksmargin=\skip53
\droptitle=\skip54
)
(/usr/share/texlive/texmf-dist/tex/latex/geometry/geometry.sty
Package: geometry 2020/01/02 v5.9 Page Geometry

(/usr/share/texlive/texmf-dist/tex/latex/graphics/keyval.sty
Package: keyval 2014/10/28 v1.15 key=value parser (DPC)
\KV@toks@=\toks21
)
(/usr/share/texlive/texmf-dist/tex/generic/iftex/ifvtex.sty
Package: ifvtex 2019/10/25 v1.7 ifvtex legacy package. Use iftex instead.

(/usr/share/texlive/texmf-dist/tex/generic/iftex/iftex.sty
Package: iftex 2020/03/06 v1.0d TeX engine tests
))
\Gm@cnth=\count271
\Gm@cntv=\count272
\c@Gm@tempcnt=\count273
\Gm@bindingoffset=\dimen148
\Gm@wd@mp=\dimen149
\Gm@odd@mp=\dimen150
\Gm@even@mp=\dimen151
\Gm@layoutwidth=\dimen152
\Gm@layoutheight=\dimen153
\Gm@layouthoffset=\dimen154
\Gm@layoutvoffset=\dimen155
\Gm@dimlist=\toks22
)
(/usr/share/texlive/texmf-dist/tex/latex/hyperref/hyperref.sty
Package: hyperref 2021-06-07 v7.00m Hypertext links for LaTeX

(/usr/share/texlive/texmf-dist/tex/generic/ltxcmds/ltxcmds.sty
Package: ltxcmds 2020-05-10 v1.25 LaTeX kernel commands for general use (HO)
)
(/usr/share/texlive/texmf-dist/tex/generic/pdftexcmds/pdftexcmds.sty
Package: pdftexcmds 2020-06-27 v0.33 Utility functions of pdfTeX for LuaTeX (HO
)

(/usr/share/texlive/texmf-dist/tex/generic/infwarerr/infwarerr.sty
Package: infwarerr 2019/12/03 v1.5 Providing info/warning/error messages (HO)
)
Package pdftexcmds Info: \pdf@primitive is available.
Package pdftexcmds Info: \pdf@ifprimitive is available.
Package pdftexcmds Info: \pdfdraftmode found.
)
(/usr/share/texlive/texmf-dist/tex/generic/kvsetkeys/kvsetkeys.sty
Package: kvsetkeys 2019/12/15 v1.18 Key value parser (HO)
)
(/usr/share/texlive/texmf-dist/tex/generic/kvdefinekeys/kvdefinekeys.sty
Package: kvdefinekeys 2019-12-19 v1.6 Define keys (HO)
)
(/usr/share/texlive/texmf-dist/tex/generic/pdfescape/pdfescape.sty
Package: pdfescape 2019/12/09 v1.15 Implements pdfTeX's escape features (HO)
)
(/usr/share/texlive/texmf-dist/tex/latex/hycolor/hycolor.sty
Package: hycolor 2020-01-27 v1.10 Color options for hyperref/bookmark (HO)
)
(/usr/share/texlive/texmf-dist/tex/latex/letltxmacro/letltxmacro.sty
Package: letltxmacro 2019/12/03 v1.6 Let assignment for LaTeX macros (HO)
)
(/usr/share/texlive/texmf-dist/tex/latex/auxhook/auxhook.sty
Package: auxhook 2019-12-17 v1.6 Hooks for auxiliary files (HO)
)
(/usr/share/texlive/texmf-dist/tex/latex/kvoptions/kvoptions.sty
Package: kvoptions 2020-10-07 v3.14 Key value format for package options (HO)
)
\@linkdim=\dimen156
\Hy@linkcounter=\count274
\Hy@pagecounter=\count275

(/usr/share/texlive/texmf-dist/tex/latex/hyperref/pd1enc.def
File: pd1enc.def 2021-06-07 v7.00m Hyperref: PDFDocEncoding definition (HO)
Now handling font encoding PD1 ...
... no UTF-8 mapping file for font encoding PD1
)
(/usr/share/texlive/texmf-dist/tex/latex/hyperref/hyperref-langpatches.def
File: hyperref-langpatches.def 2021-06-07 v7.00m Hyperref: patches for babel la
nguages
)
(/usr/share/texlive/texmf-dist/tex/generic/intcalc/intcalc.sty
Package: intcalc 2019/12/15 v1.3 Expandable calculations with integers (HO)
)
(/usr/share/texlive/texmf-dist/tex/generic/etexcmds/etexcmds.sty
Package: etexcmds 2019/12/15 v1.7 Avoid name clashes with e-TeX commands (HO)
)
\Hy@SavedSpaceFactor=\count276

(/usr/share/texlive/texmf-dist/tex/latex/hyperref/puenc.def
File: puenc.def 2021-06-07 v7.00m Hyperref: PDF Unicode definition (HO)
Now handling font encoding PU ...
... no UTF-8 mapping file for font encoding PU
)
Package hyperref Info: Option `colorlinks' set `true' on input line 4073.
Package hyperref Info: Hyper figures OFF on input line 4192.
Package hyperref Info: Link nesting OFF on input line 4197.
Package hyperref Info: Hyper index ON on input line 4200.
Package hyperref Info: Plain pages OFF on input line 4207.
Package hyperref Info: Backreferencing OFF on input line 4212.
Package hyperref Info: Implicit mode ON; LaTeX internals redefined.
Package hyperref Info: Bookmarks ON on input line 4445.
\c@Hy@tempcnt=\count277

(/usr/share/texlive/texmf-dist/tex/latex/url/url.sty
\Urlmuskip=\muskip17
Package: url 2013/09/16  ver 3.4  Verb mode for urls, etc.
)
LaTeX Info: Redefining \url on input line 4804.
\XeTeXLinkMargin=\dimen157

(/usr/share/texlive/texmf-dist/tex/generic/bitset/bitset.sty
Package: bitset 2019/12/09 v1.3 Handle bit-vector datatype (HO)

(/usr/share/texlive/texmf-dist/tex/generic/bigintcalc/bigintcalc.sty
Package: bigintcalc 2019/12/15 v1.5 Expandable calculations on big integers (HO
)
))
\Fld@menulength=\count278
\Field@Width=\dimen158
\Fld@charsize=\dimen159
Package hyperref Info: Hyper figures OFF on input line 6076.
Package hyperref Info: Link nesting OFF on input line 6081.
Package hyperref Info: Hyper index ON on input line 6084.
Package hyperref Info: backreferencing OFF on input line 6091.
Package hyperref Info: Link coloring ON on input line 6094.
Package hyperref Info: Link coloring with OCG OFF on input line 6101.
Package hyperref Info: PDF/A mode OFF on input line 6106.
LaTeX Info: Redefining \ref on input line 6146.
LaTeX Info: Redefining \pageref on input line 6150.

(/usr/share/texlive/texmf-dist/tex/latex/base/atbegshi-ltx.sty
Package: atbegshi-ltx 2021/01/10 v1.0c Emulation of the original atbegshi
package with kernel methods
)
\Hy@abspage=\count279
\c@Item=\count280
\c@Hfootnote=\count281
)
Package hyperref Info: Driver (autodetected): hpdftex.

(/usr/share/texlive/texmf-dist/tex/latex/hyperref/hpdftex.def
File: hpdftex.def 2021-06-07 v7.00m Hyperref driver for pdfTeX

(/usr/share/texlive/texmf-dist/tex/latex/base/atveryend-ltx.sty
Package: atveryend-ltx 2020/08/19 v1.0a Emulation of the original atveryend pac
kage
with kernel methods
)
\Fld@listcount=\count282
\c@bookmark@seq@number=\count283

(/usr/share/texlive/texmf-dist/tex/latex/rerunfilecheck/rerunfilecheck.sty
Package: rerunfilecheck 2019/12/05 v1.9 Rerun checks for auxiliary files (HO)

(/usr/share/texlive/texmf-dist/tex/generic/uniquecounter/uniquecounter.sty
Package: uniquecounter 2019/12/15 v1.4 Provide unlimited unique counter (HO)
)
Package uniquecounter Info: New unique counter `rerunfilecheck' on input line 2
86.
)
\Hy@SectionHShift=\skip55
)
(/usr/share/texlive/texmf-dist/tex/latex/graphics/graphicx.sty
Package: graphicx 2021/09/16 v1.2d Enhanced LaTeX Graphics (DPC,SPQR)

(/usr/share/texlive/texmf-dist/tex/latex/graphics/graphics.sty
Package: graphics 2021/03/04 v1.4d Standard LaTeX Graphics (DPC,SPQR)

(/usr/share/texlive/texmf-dist/tex/latex/graphics/trig.sty
Package: trig 2021/08/11 v1.11 sin cos tan (DPC)
)
(/usr/share/texlive/texmf-dist/tex/latex/graphics-cfg/graphics.cfg
File: graphics.cfg 2016/06/04 v1.11 sample graphics configuration
)
Package graphics Info: Driver file: pdftex.def on input line 107.

(/usr/share/texlive/texmf-dist/tex/latex/graphics-def/pdftex.def
File: pdftex.def 2020/10/05 v1.2a Graphics/color driver for pdftex
))
\Gin@req@height=\dimen160
\Gin@req@width=\dimen161
)
(/usr/share/texlive/texmf-dist/tex/latex/caption/caption.sty
Package: caption 2020/10/26 v3.5g Customizing captions (AR)

(/usr/share/texlive/texmf-dist/tex/latex/caption/caption3.sty
Package: caption3 2020/10/21 v2.2e caption3 kernel (AR)
\captionmargin=\dimen162
\captionmargin@=\dimen163
\captionwidth=\dimen164
\caption@tempdima=\dimen165
\caption@indent=\dimen166
\caption@parindent=\dimen167
\caption@hangindent=\dimen168
Package caption Info: Standard document class detected.
)
\c@caption@flags=\count284
\c@continuedfloat=\count285
Package caption Info: hyperref package is loaded.
)
(/usr/share/texlive/texmf-dist/tex/latex/caption/subcaption.sty
Package: subcaption 2020/10/07 v1.3j Sub-captions (AR)
\c@subfigure=\count286
\c@subtable=\count287
)
(/usr/share/texlive/texmf-dist/tex/latex/float/float.sty
Package: float 2001/11/08 v1.3d Float enhancements (AL)
\c@float@type=\count288
\float@exts=\toks23
\float@box=\box52
\@float@everytoks=\toks24
\@floatcapt=\box53
)
(/usr/share/texlive/texmf-dist/tex/latex/cancel/cancel.sty
Package: cancel 2013/04/12 v2.2 Cancel math terms
)
(/usr/share/texlive/texmf-dist/tex/latex/fancyhdr/fancyhdr.sty
Package: fancyhdr 2021/01/28 v4.0.1 Extensive control of page headers and foote
rs
\f@nch@headwidth=\skip56
\f@nch@O@elh=\skip57
\f@nch@O@erh=\skip58
\f@nch@O@olh=\skip59
\f@nch@O@orh=\skip60
\f@nch@O@elf=\skip61
\f@nch@O@erf=\skip62
\f@nch@O@olf=\skip63
\f@nch@O@orf=\skip64
)
(/usr/share/texlive/texmf-dist/tex/latex/lastpage/lastpage.sty
Package: lastpage 2021/09/03 v1.2n Refers to last page's name (HMM; JPG)
)
(/usr/share/texlive/texmf-dist/tex/latex/fourier/fourier-orns.sty
Package: fourier-orns 2020/03/03 2.2 fourier-ornaments package
)
(/usr/share/texlive/texmf-dist/tex/latex/xcolor/xcolor.sty
Package: xcolor 2021/10/31 v2.13 LaTeX color extensions (UK)

(/usr/share/texlive/texmf-dist/tex/latex/graphics-cfg/color.cfg
File: color.cfg 2016/01/02 v1.6 sample color configuration
)
Package xcolor Info: Driver file: pdftex.def on input line 227.
Package xcolor Info: Model `cmy' substituted by `cmy0' on input line 1352.
Package xcolor Info: Model `hsb' substituted by `rgb' on input line 1356.
Package xcolor Info: Model `RGB' extended on input line 1368.
Package xcolor Info: Model `HTML' substituted by `rgb' on input line 1370.
Package xcolor Info: Model `Hsb' substituted by `hsb' on input line 1371.
Package xcolor Info: Model `tHsb' substituted by `hsb' on input line 1372.
Package xcolor Info: Model `HSB' substituted by `hsb' on input line 1373.
Package xcolor Info: Model `Gray' substituted by `gray' on input line 1374.
Package xcolor Info: Model `wave' substituted by `hsb' on input line 1375.
)
(/usr/share/texlive/texmf-dist/tex/latex/nomencl/nomencl.sty
Package: nomencl 2021/11/10 v5.6 Nomenclature package

(/usr/share/texlive/texmf-dist/tex/latex/xkeyval/xkeyval.sty
Package: xkeyval 2020/11/20 v2.8 package option processing (HA)

(/usr/share/texlive/texmf-dist/tex/generic/xkeyval/xkeyval.tex
(/usr/share/texlive/texmf-dist/tex/generic/xkeyval/xkvutils.tex
\XKV@toks=\toks25
\XKV@tempa@toks=\toks26
)
\XKV@depth=\count289
File: xkeyval.tex 2014/12/03 v2.7a key=value parser (HA)
))
(/usr/share/texlive/texmf-dist/tex/latex/base/ifthen.sty
Package: ifthen 2020/11/24 v1.1c Standard LaTeX ifthen package (DPC)
)
(/usr/share/texlive/texmf-dist/tex/latex/koma-script/tocbasic.sty
Package: tocbasic 2021/11/13 v3.35 KOMA-Script package (handling toc-files)

(/usr/share/texlive/texmf-dist/tex/latex/koma-script/scrbase.sty
Package: scrbase 2021/11/13 v3.35 KOMA-Script package (KOMA-Script-independent 
basics and keyval usage)

(/usr/share/texlive/texmf-dist/tex/latex/koma-script/scrlfile.sty
Package: scrlfile 2021/11/13 v3.35 KOMA-Script package (file load hooks)

(/usr/share/texlive/texmf-dist/tex/latex/koma-script/scrlfile-hook.sty
Package: scrlfile-hook 2021/11/13 v3.35 KOMA-Script package (using LaTeX hooks)


(/usr/share/texlive/texmf-dist/tex/latex/koma-script/scrlogo.sty
Package: scrlogo 2021/11/13 v3.35 KOMA-Script package (logo)
)))
Applying: [2021/05/01] Usage of raw or classic option list on input line 252.
Already applied: [0000/00/00] Usage of raw or classic option list on input line
 368.
)
\scr@dte@tocline@numberwidth=\skip65
\scr@dte@tocline@numbox=\box54
)
Package tocbasic Info: babel extension for `nlo' omitted
(tocbasic)             because of missing \bbl@set@language on input line 187.
Package tocbasic Info: babel extension for `nls' omitted
(tocbasic)             because of missing \bbl@set@language on input line 188.
\nomlabelwidth=\dimen169
\nom@tempdim=\dimen170
\nomitemsep=\skip66
)
\@nomenclaturefile=\write3
\openout3 = `hw2.nlo'.

Package nomencl Info: Writing nomenclature file hw2.nlo on input line 15.

(/usr/share/texlive/texmf-dist/tex/latex/etoolbox/etoolbox.sty
Package: etoolbox 2020/10/05 v2.5k e-TeX tools for LaTeX (JAW)
\etb@tempcnta=\count290
)
(/usr/share/texlive/texmf-dist/tex/latex/sidecap/sidecap.sty
Package: sidecap 2003/06/06 v1.6f SideCap Package (RN/HjG)
\SC@BOXWD=\dimen171
\SC@CAPWD=\dimen172
\SC@tempdima=\dimen173
\SC@tempdimb=\dimen174
\c@SC@C=\count291
\SC@BOX=\box55
)
(/usr/share/texlive/texmf-dist/tex/latex/adjustbox/adjustbox.sty
Package: adjustbox 2020/08/19 v1.3 Adjusting TeX boxes (trim, clip, ...)

(/usr/share/texlive/texmf-dist/tex/latex/adjustbox/adjcalc.sty
Package: adjcalc 2012/05/16 v1.1 Provides advanced setlength with multiple back
-ends (calc, etex, pgfmath)
)
(/usr/share/texlive/texmf-dist/tex/latex/adjustbox/trimclip.sty
Package: trimclip 2020/08/19 v1.2 Trim and clip general TeX material

(/usr/share/texlive/texmf-dist/tex/latex/collectbox/collectbox.sty
Package: collectbox 2012/05/17 v0.4b Collect macro arguments as boxes
\collectedbox=\box56
)
\tc@llx=\dimen175
\tc@lly=\dimen176
\tc@urx=\dimen177
\tc@ury=\dimen178
Package trimclip Info: Using driver 'tc-pdftex.def'.

(/usr/share/texlive/texmf-dist/tex/latex/adjustbox/tc-pdftex.def
File: tc-pdftex.def 2019/01/04 v2.2 Clipping driver for pdftex
))
\adjbox@Width=\dimen179
\adjbox@Height=\dimen180
\adjbox@Depth=\dimen181
\adjbox@Totalheight=\dimen182
\adjbox@pwidth=\dimen183
\adjbox@pheight=\dimen184
\adjbox@pdepth=\dimen185
\adjbox@ptotalheight=\dimen186

(/usr/share/texlive/texmf-dist/tex/latex/ifoddpage/ifoddpage.sty
Package: ifoddpage 2016/04/23 v1.1 Conditionals for odd/even page detection
\c@checkoddpage=\count292
)
(/usr/share/texlive/texmf-dist/tex/latex/varwidth/varwidth.sty
Package: varwidth 2009/03/30 ver 0.92;  Variable-width minipages
\@vwid@box=\box57
\sift@deathcycles=\count293
\@vwid@loff=\dimen187
\@vwid@roff=\dimen188
))
(/usr/share/texlive/texmf-dist/tex/latex/l3backend/l3backend-pdftex.def
File: l3backend-pdftex.def 2022-01-12 L3 backend support: PDF output (pdfTeX)
\l__color_backend_stack_int=\count294
\l__pdf_internal_box=\box58
)
(./hw2.aux)
\openout1 = `hw2.aux'.

LaTeX Font Info:    Checking defaults for OML/cmm/m/it on input line 44.
LaTeX Font Info:    ... okay on input line 44.
LaTeX Font Info:    Checking defaults for OMS/cmsy/m/n on input line 44.
LaTeX Font Info:    ... okay on input line 44.
LaTeX Font Info:    Checking defaults for OT1/cmr/m/n on input line 44.
LaTeX Font Info:    ... okay on input line 44.
LaTeX Font Info:    Checking defaults for T1/cmr/m/n on input line 44.
LaTeX Font Info:    ... okay on input line 44.
LaTeX Font Info:    Checking defaults for TS1/cmr/m/n on input line 44.
LaTeX Font Info:    ... okay on input line 44.
LaTeX Font Info:    Checking defaults for OMX/cmex/m/n on input line 44.
LaTeX Font Info:    ... okay on input line 44.
LaTeX Font Info:    Checking defaults for U/cmr/m/n on input line 44.
LaTeX Font Info:    ... okay on input line 44.
LaTeX Font Info:    Checking defaults for PD1/pdf/m/n on input line 44.
LaTeX Font Info:    ... okay on input line 44.
LaTeX Font Info:    Checking defaults for PU/pdf/m/n on input line 44.
LaTeX Font Info:    ... okay on input line 44.

*geometry* driver: auto-detecting
*geometry* detected driver: pdftex
*geometry* verbose mode - [ preamble ] result:
* driver: pdftex
* paper: a4paper
* layout: <same size as paper>
* layoutoffset:(h,v)=(0.0pt,0.0pt)
* modes: 
* h-part:(L,W,R)=(71.13188pt, 455.24411pt, 71.13188pt)
* v-part:(T,H,B)=(71.13188pt, 702.78308pt, 71.13188pt)
* \paperwidth=597.50787pt
* \paperheight=845.04684pt
* \textwidth=455.24411pt
* \textheight=702.78308pt
* \oddsidemargin=-1.1381pt
* \evensidemargin=-1.1381pt
* \topmargin=-38.1381pt
* \headheight=18.2pt
* \headsep=25.0pt
* \topskip=11.0pt
* \footskip=30.0pt
* \marginparwidth=50.0pt
* \marginparsep=10.0pt
* \columnsep=10.0pt
* \skip\footins=10.0pt plus 4.0pt minus 2.0pt
* \hoffset=0.0pt
* \voffset=0.0pt
* \mag=1000
* \@twocolumnfalse
* \@twosidefalse
* \@mparswitchfalse
* \@reversemarginfalse
* (1in=72.27pt=25.4mm, 1cm=28.453pt)

Package hyperref Info: Link coloring ON on input line 44.
(/usr/share/texlive/texmf-dist/tex/latex/hyperref/nameref.sty
Package: nameref 2021-04-02 v2.47 Cross-referencing by name of section

(/usr/share/texlive/texmf-dist/tex/latex/refcount/refcount.sty
Package: refcount 2019/12/15 v3.6 Data extraction from label references (HO)
)
(/usr/share/texlive/texmf-dist/tex/generic/gettitlestring/gettitlestring.sty
Package: gettitlestring 2019/12/15 v1.6 Cleanup title references (HO)
)
\c@section@level=\count295
)
LaTeX Info: Redefining \ref on input line 44.
LaTeX Info: Redefining \pageref on input line 44.
LaTeX Info: Redefining \nameref on input line 44.

(./hw2.out) (./hw2.out)
\@outlinefile=\write4
\openout4 = `hw2.out'.


(/usr/share/texlive/texmf-dist/tex/context/base/mkii/supp-pdf.mkii
[Loading MPS to PDF converter (version 2006.09.02).]
\scratchcounter=\count296
\scratchdimen=\dimen189
\scratchbox=\box59
\nofMPsegments=\count297
\nofMParguments=\count298
\everyMPshowfont=\toks27
\MPscratchCnt=\count299
\MPscratchDim=\dimen190
\MPnumerator=\count300
\makeMPintoPDFobject=\count301
\everyMPtoPDFconversion=\toks28
) (/usr/share/texlive/texmf-dist/tex/latex/epstopdf-pkg/epstopdf-base.sty
Package: epstopdf-base 2020-01-24 v2.11 Base part for package epstopdf
Package epstopdf-base Info: Redefining graphics rule for `.eps' on input line 4
85.

(/usr/share/texlive/texmf-dist/tex/latex/latexconfig/epstopdf-sys.cfg
File: epstopdf-sys.cfg 2010/07/13 v1.3 Configuration of (r)epstopdf for TeX Liv
e
))
Package caption Info: Begin \AtBeginDocument code.
Package caption Info: float package is loaded.
Package caption Info: sidecap package is loaded.
Package caption Info: End \AtBeginDocument code.
Package lastpage Info: Please have a look at the pageslts package at
(lastpage)             https://www.ctan.org/pkg/pageslts
(lastpage)             ! on input line 44.

(/usr/share/texlive/texmf-dist/tex/latex/ragged2e/ragged2e.sty
Package: ragged2e 2021/12/15 v3.1 ragged2e Package
\CenteringLeftskip=\skip67
\RaggedLeftLeftskip=\skip68
\RaggedRightLeftskip=\skip69
\CenteringRightskip=\skip70
\RaggedLeftRightskip=\skip71
\RaggedRightRightskip=\skip72
\CenteringParfillskip=\skip73
\RaggedLeftParfillskip=\skip74
\RaggedRightParfillskip=\skip75
\JustifyingParfillskip=\skip76
\CenteringParindent=\skip77
\RaggedLeftParindent=\skip78
\RaggedRightParindent=\skip79
\JustifyingParindent=\skip80
)
LaTeX Font Info:    Trying to load font information for U+msa on input line 48.


(/usr/share/texlive/texmf-dist/tex/latex/amsfonts/umsa.fd
File: umsa.fd 2013/01/14 v3.01 AMS symbols A
)
LaTeX Font Info:    Trying to load font information for U+msb on input line 48.


(/usr/share/texlive/texmf-dist/tex/latex/amsfonts/umsb.fd
File: umsb.fd 2013/01/14 v3.01 AMS symbols B
) [1

{/var/lib/texmf/fonts/map/pdftex/updmap/pdftex.map}] (./hw2.toc)
\tf@toc=\write5
\openout5 = `hw2.toc'.

 (./hw2.lof [2])
\tf@lof=\write6
\openout6 = `hw2.lof'.

 [3] (./hw2.nls
[4]
LaTeX Font Info:    Trying to load font information for U+euf on input line 56.

 (/usr/share/texlive/texmf-dist/tex/latex/amsfonts/ueuf.fd
File: ueuf.fd 2013/01/14 v3.01 Euler Fraktur
)) [5]
<images/Initial Conditions.png, id=273, 581.59282pt x 439.04025pt>
File: images/Initial Conditions.png Graphic file (type png)
<use images/Initial Conditions.png>
Package pdftex.def Info: images/Initial Conditions.png  used on input line 129.

(pdftex.def)             Requested size: 182.09486pt x 137.46101pt.
LaTeX Font Info:    Trying to load font information for U+futs on input line 14
2.

(/usr/share/texlive/texmf-dist/tex/latex/fourier/ufuts.fd
File: ufuts.fd 2004/03/02 Fontinst v1.926 font definitions for U/futs.
)pdfTeX warning (ext4): destination with the same identifier (name{page.1}) has
 been already used, duplicate ignored
<to be read again> 
                   \relax 
l.142 
       [1 <./images/Initial Conditions.png (PNG copy)>]pdfTeX warning (ext4): d
estination with the same identifier (name{page.2}) has been already used, dupli
cate ignored
<to be read again> 
                   \relax 
l.204 \end{equation}
                     [2]pdfTeX warning (ext4): destination with the same identi
fier (name{page.3}) has been already used, duplicate ignored
<to be read again> 
                   \relax 
l.284 \end{equation}
                     [3]pdfTeX warning (ext4): destination with the same identi
fier (name{page.4}) has been already used, duplicate ignored
<to be read again> 
                   \relax 
l.356 \newpage
               [4]pdfTeX warning (ext4): destination with the same identifier (
name{page.5}) has been already used, duplicate ignored
<to be read again> 
                   \relax 
l.418 \end{equation}
                     [5] [6]

Package hyperref Warning: Token not allowed in a PDF string (Unicode):
(hyperref)                removing `math shift' on input line 514.


Package hyperref Warning: Token not allowed in a PDF string (Unicode):
(hyperref)                removing `subscript' on input line 514.


Package hyperref Warning: Token not allowed in a PDF string (Unicode):
(hyperref)                removing `\begingroup' on input line 514.


Package hyperref Warning: Token not allowed in a PDF string (Unicode):
(hyperref)                removing `\endgroup' on input line 514.


Package hyperref Warning: Token not allowed in a PDF string (Unicode):
(hyperref)                removing `\@@over' on input line 514.


Package hyperref Warning: Token not allowed in a PDF string (Unicode):
(hyperref)                removing `math shift' on input line 514.

[7]
Overfull \hbox (0.43712pt too wide) detected at line 573
[][][]
 []

[8]
LaTeX Font Info:    Calculating math sizes for size <11> on input line 601.


LaTeX Font Warning: Font shape `OT1/cmr/m/n' in size <5.5> not available
(Font)              size <5> substituted on input line 601.


LaTeX Font Warning: Font shape `OML/cmm/m/it' in size <5.5> not available
(Font)              size <5> substituted on input line 601.


LaTeX Font Warning: Font shape `OMS/cmsy/m/n' in size <5.5> not available
(Font)              size <5> substituted on input line 601.


Overfull \hbox (43.2042pt too wide) detected at line 613
[][][][][][]
 []


Package hyperref Warning: Token not allowed in a PDF string (Unicode):
(hyperref)                removing `math shift' on input line 650.


Package hyperref Warning: Token not allowed in a PDF string (Unicode):
(hyperref)                removing `\left' on input line 650.


Package hyperref Warning: Token not allowed in a PDF string (Unicode):
(hyperref)                removing `\right' on input line 650.


Package hyperref Warning: Token not allowed in a PDF string (Unicode):
(hyperref)                removing `subscript' on input line 650.


Package hyperref Warning: Token not allowed in a PDF string (Unicode):
(hyperref)                removing `math shift' on input line 650.

[9] [10] [11] [12] [13] [14]
<images/explicit SW (u) over time.png, id=442, 595.86615pt x 419.70802pt>
File: images/explicit SW (u) over time.png Graphic file (type png)
<use images/explicit SW (u) over time.png>
Package pdftex.def Info: images/explicit SW (u) over time.png  used on input li
ne 940.
(pdftex.def)             Requested size: 204.85846pt x 144.29349pt.
<images/explicit SW (rho) over time.png, id=443, 592.614pt x 419.70802pt>
File: images/explicit SW (rho) over time.png Graphic file (type png)
<use images/explicit SW (rho) over time.png>
Package pdftex.def Info: images/explicit SW (rho) over time.png  used on input 
line 945.
(pdftex.def)             Requested size: 204.85846pt x 145.0876pt.
<images/explicit SW (pressure) over time.png, id=444, 592.614pt x 419.70802pt>
File: images/explicit SW (pressure) over time.png Graphic file (type png)
<use images/explicit SW (pressure) over time.png>
Package pdftex.def Info: images/explicit SW (pressure) over time.png  used on i
nput line 950.
(pdftex.def)             Requested size: 204.85846pt x 145.0876pt.
<images/implicit SW (u) over time.png, id=445, 595.86615pt x 419.70802pt>
File: images/implicit SW (u) over time.png Graphic file (type png)
<use images/implicit SW (u) over time.png>
Package pdftex.def Info: images/implicit SW (u) over time.png  used on input li
ne 961.
(pdftex.def)             Requested size: 204.85846pt x 144.29349pt.
<images/implicit SW (rho) over time.png, id=446, 592.614pt x 419.70802pt>
File: images/implicit SW (rho) over time.png Graphic file (type png)
<use images/implicit SW (rho) over time.png>
Package pdftex.def Info: images/implicit SW (rho) over time.png  used on input 
line 966.
(pdftex.def)             Requested size: 204.85846pt x 145.0876pt.
<images/implicit SW (pressure) over time.png, id=447, 592.97536pt x 419.70802pt
>
File: images/implicit SW (pressure) over time.png Graphic file (type png)
<use images/implicit SW (pressure) over time.png>
Package pdftex.def Info: images/implicit SW (pressure) over time.png  used on i
nput line 971.
(pdftex.def)             Requested size: 204.85846pt x 144.99794pt.

Overfull \hbox (2.43333pt too wide) in paragraph at lines 936--978
$[]$ $[]$ 
 []

<images/explicit roe (u) over time.png, id=448, 595.86615pt x 419.70802pt>
File: images/explicit roe (u) over time.png Graphic file (type png)
<use images/explicit roe (u) over time.png>
Package pdftex.def Info: images/explicit roe (u) over time.png  used on input l
ine 983.
(pdftex.def)             Requested size: 200.76353pt x 141.41158pt.
<images/explicit roe (rho) over time.png, id=449, 592.614pt x 419.70802pt>
File: images/explicit roe (rho) over time.png Graphic file (type png)
<use images/explicit roe (rho) over time.png>
Package pdftex.def Info: images/explicit roe (rho) over time.png  used on input
 line 988.
(pdftex.def)             Requested size: 200.76353pt x 142.1865pt.
<images/explicit roe (pressure) over time.png, id=450, 592.614pt x 419.70802pt>

File: images/explicit roe (pressure) over time.png Graphic file (type png)
<use images/explicit roe (pressure) over time.png>
Package pdftex.def Info: images/explicit roe (pressure) over time.png  used on 
input line 993.
(pdftex.def)             Requested size: 200.76353pt x 142.1865pt.
<images/compering schemes (u) over time.png, id=451, 602.7318pt x 413.20372pt>
File: images/compering schemes (u) over time.png Graphic file (type png)
<use images/compering schemes (u) over time.png>
Package pdftex.def Info: images/compering schemes (u) over time.png  used on in
put line 1004.
(pdftex.def)             Requested size: 204.85846pt x 140.44327pt.
<images/compering schemes (rho) over time.png, id=452, 602.7318pt x 413.20372pt
>
File: images/compering schemes (rho) over time.png Graphic file (type png)
<use images/compering schemes (rho) over time.png>
Package pdftex.def Info: images/compering schemes (rho) over time.png  used on 
input line 1009.
(pdftex.def)             Requested size: 204.85846pt x 140.44327pt.
<images/compering schemes (pressure) over time.png, id=453, 602.7318pt x 413.20
372pt>
File: images/compering schemes (pressure) over time.png Graphic file (type png)

<use images/compering schemes (pressure) over time.png>
Package pdftex.def Info: images/compering schemes (pressure) over time.png  use
d on input line 1014.
(pdftex.def)             Requested size: 204.85846pt x 140.44327pt.

Overfull \hbox (14.88339pt too wide) in paragraph at lines 979--1026
[]$[]$ $[]$ 
 []


Underfull \hbox (badness 10000) in paragraph at lines 979--1026

 []


Underfull \hbox (badness 10000) in paragraph at lines 979--1026

 []

[15 <./images/explicit SW (u) over time.png (PNG copy)> <./images/explicit SW (
rho) over time.png (PNG copy)> <./images/explicit SW (pressure) over time.png (
PNG copy)> <./images/implicit SW (u) over time.png (PNG copy)> <./images/implic
it SW (rho) over time.png (PNG copy)> <./images/implicit SW (pressure) over tim
e.png (PNG copy)>]
<images/explicit SW effect of CFL.png, id=464, 602.37045pt x 429.2838pt>
File: images/explicit SW effect of CFL.png Graphic file (type png)
<use images/explicit SW effect of CFL.png>
Package pdftex.def Info: images/explicit SW effect of CFL.png  used on input li
ne 1032.
(pdftex.def)             Requested size: 364.19667pt x 259.557pt.
 [16 <./images/explicit roe (u) over time.png (PNG copy)> <./images/explicit ro
e (rho) over time.png (PNG copy)> <./images/explicit roe (pressure) over time.p
ng (PNG copy)> <./images/compering schemes (u) over time.png (PNG copy)> <./ima
ges/compering schemes (rho) over time.png (PNG copy)> <./images/compering schem
es (pressure) over time.png (PNG copy)>]
<images/implicit SW effect of CFL.png, id=470, 602.37045pt x 429.2838pt>
File: images/implicit SW effect of CFL.png Graphic file (type png)
<use images/implicit SW effect of CFL.png>
Package pdftex.def Info: images/implicit SW effect of CFL.png  used on input li
ne 1038.
(pdftex.def)             Requested size: 364.19667pt x 259.557pt.
<images/explicit roe effect of CFL.png, id=471, 602.91248pt x 429.2838pt>
File: images/explicit roe effect of CFL.png Graphic file (type png)
<use images/explicit roe effect of CFL.png>
Package pdftex.def Info: images/explicit roe effect of CFL.png  used on input l
ine 1044.
(pdftex.def)             Requested size: 364.19667pt x 259.31465pt.
 [17 <./images/explicit SW effect of CFL.png (PNG copy)> <./images/implicit SW 
effect of CFL.png (PNG copy)>] [18 <./images/explicit roe effect of CFL.png (PN
G copy)>]

Package hyperref Warning: Token not allowed in a PDF string (Unicode):
(hyperref)                removing `math shift' on input line 1053.


Package hyperref Warning: Token not allowed in a PDF string (Unicode):
(hyperref)                removing `subscript' on input line 1053.


Package hyperref Warning: Token not allowed in a PDF string (Unicode):
(hyperref)                removing `\infty' on input line 1053.


Package hyperref Warning: Token not allowed in a PDF string (Unicode):
(hyperref)                removing `math shift' on input line 1053.


Package hyperref Warning: Token not allowed in a PDF string (Unicode):
(hyperref)                removing `math shift' on input line 1053.


Package hyperref Warning: Token not allowed in a PDF string (Unicode):
(hyperref)                removing `subscript' on input line 1053.


Package hyperref Warning: Token not allowed in a PDF string (Unicode):
(hyperref)                removing `\infty' on input line 1053.


Package hyperref Warning: Token not allowed in a PDF string (Unicode):
(hyperref)                removing `math shift' on input line 1053.

<images/explicit SW effect of M_inf (Re_inf = 1e4).png, id=482, 600.5637pt x 42
9.2838pt>
File: images/explicit SW effect of M_inf (Re_inf = 1e4).png Graphic file (type 
png)
<use images/explicit SW effect of M_inf (Re_inf = 1e4).png>
Package pdftex.def Info: images/explicit SW effect of M_inf (Re_inf = 1e4).png 
 used on input line 1060.
(pdftex.def)             Requested size: 184.37135pt x 131.78618pt.
<images/implicit SW effect of M_inf (Re_inf = 1e4).png, id=483, 600.5637pt x 42
9.2838pt>
File: images/implicit SW effect of M_inf (Re_inf = 1e4).png Graphic file (type 
png)
<use images/implicit SW effect of M_inf (Re_inf = 1e4).png>
Package pdftex.def Info: images/implicit SW effect of M_inf (Re_inf = 1e4).png 
 used on input line 1065.
(pdftex.def)             Requested size: 184.37135pt x 131.78618pt.
<images/explicit roe effect of M_inf (Re_inf = 1e4).png, id=484, 600.5637pt x 4
29.2838pt>
File: images/explicit roe effect of M_inf (Re_inf = 1e4).png Graphic file (type
 png)
<use images/explicit roe effect of M_inf (Re_inf = 1e4).png>
Package pdftex.def Info: images/explicit roe effect of M_inf (Re_inf = 1e4).png
  used on input line 1070.
(pdftex.def)             Requested size: 184.37135pt x 131.78618pt.

Underfull \hbox (badness 1776) in paragraph at lines 1073--1073
[]\OT1/cmr/m/n/10.95 Figure 9: |Ef-fect of $\OML/cmm/m/it/10.95 M[]$ \OT1/cmr/m
/n/10.95 for dif-fer-ent
 []

<images/explicit SW effect of M_inf (Re_inf = 1e2).png, id=485, 600.92505pt x 4
29.2838pt>
File: images/explicit SW effect of M_inf (Re_inf = 1e2).png Graphic file (type 
png)
<use images/explicit SW effect of M_inf (Re_inf = 1e2).png>
Package pdftex.def Info: images/explicit SW effect of M_inf (Re_inf = 1e2).png 
 used on input line 1082.
(pdftex.def)             Requested size: 184.37135pt x 131.70758pt.
<images/implicit SW effect of M_inf (Re_inf = 1e2).png, id=486, 600.5637pt x 42
9.2838pt>
File: images/implicit SW effect of M_inf (Re_inf = 1e2).png Graphic file (type 
png)
<use images/implicit SW effect of M_inf (Re_inf = 1e2).png>
Package pdftex.def Info: images/implicit SW effect of M_inf (Re_inf = 1e2).png 
 used on input line 1087.
(pdftex.def)             Requested size: 184.37135pt x 131.78618pt.
<images/explicit roe effect of M_inf (Re_inf = 1e2).png, id=487, 600.5637pt x 4
29.2838pt>
File: images/explicit roe effect of M_inf (Re_inf = 1e2).png Graphic file (type
 png)
<use images/explicit roe effect of M_inf (Re_inf = 1e2).png>
Package pdftex.def Info: images/explicit roe effect of M_inf (Re_inf = 1e2).png
  used on input line 1092.
(pdftex.def)             Requested size: 184.37135pt x 131.78618pt.

Underfull \hbox (badness 1038) in paragraph at lines 1095--1095
[]\OT1/cmr/m/n/10.95 Figure 10: |Ef-fect of $\OML/cmm/m/it/10.95 M[]$ \OT1/cmr/
m/n/10.95 for dif-fer-ent
 []


Underfull \hbox (badness 10000) in paragraph at lines 1056--1101

 []


Underfull \hbox (badness 10000) in paragraph at lines 1056--1101

 []

<images/explicit SW effect of Re_inf (M_inf = 0.2).png, id=490, 608.69408pt x 4
29.2838pt>
File: images/explicit SW effect of Re_inf (M_inf = 0.2).png Graphic file (type 
png)
<use images/explicit SW effect of Re_inf (M_inf = 0.2).png>
Package pdftex.def Info: images/explicit SW effect of Re_inf (M_inf = 0.2).png 
 used on input line 1106.
(pdftex.def)             Requested size: 184.37135pt x 130.02414pt.
<images/implicit SW effect of Re_inf (M_inf = 0.2).png, id=491, 608.33272pt x 4
29.2838pt>
File: images/implicit SW effect of Re_inf (M_inf = 0.2).png Graphic file (type 
png)
<use images/implicit SW effect of Re_inf (M_inf = 0.2).png>
Package pdftex.def Info: images/implicit SW effect of Re_inf (M_inf = 0.2).png 
 used on input line 1111.
(pdftex.def)             Requested size: 184.37135pt x 130.10274pt.
<images/explicit roe effect of Re_inf (M_inf = 0.2).png, id=492, 608.33272pt x 
429.2838pt>
File: images/explicit roe effect of Re_inf (M_inf = 0.2).png Graphic file (type
 png)
<use images/explicit roe effect of Re_inf (M_inf = 0.2).png>
Package pdftex.def Info: images/explicit roe effect of Re_inf (M_inf = 0.2).png
  used on input line 1116.
(pdftex.def)             Requested size: 184.37135pt x 130.10274pt.
<images/explicit SW effect of Re_inf (M_inf = 2).png, id=493, 608.33272pt x 429
.2838pt>
File: images/explicit SW effect of Re_inf (M_inf = 2).png Graphic file (type pn
g)
<use images/explicit SW effect of Re_inf (M_inf = 2).png>
Package pdftex.def Info: images/explicit SW effect of Re_inf (M_inf = 2).png  u
sed on input line 1128.
(pdftex.def)             Requested size: 184.37135pt x 130.10274pt.
<images/implicit SW effect of Re_inf (M_inf = 2).png, id=494, 608.33272pt x 429
.2838pt>
File: images/implicit SW effect of Re_inf (M_inf = 2).png Graphic file (type pn
g)
<use images/implicit SW effect of Re_inf (M_inf = 2).png>
Package pdftex.def Info: images/implicit SW effect of Re_inf (M_inf = 2).png  u
sed on input line 1133.
(pdftex.def)             Requested size: 184.37135pt x 130.10274pt.
<images/explicit roe effect of Re_inf (M_inf = 2).png, id=495, 608.33272pt x 42
9.2838pt>
File: images/explicit roe effect of Re_inf (M_inf = 2).png Graphic file (type p
ng)
<use images/explicit roe effect of Re_inf (M_inf = 2).png>
Package pdftex.def Info: images/explicit roe effect of Re_inf (M_inf = 2).png  
used on input line 1138.
(pdftex.def)             Requested size: 184.37135pt x 130.10274pt.

Underfull \hbox (badness 10000) in paragraph at lines 1102--1148

 []


Underfull \hbox (badness 10000) in paragraph at lines 1102--1148

 []

[19 <./images/explicit SW effect of M_inf (Re_inf = 1e4).png (PNG copy)> <./ima
ges/implicit SW effect of M_inf (Re_inf = 1e4).png (PNG copy)> <./images/explic
it roe effect of M_inf (Re_inf = 1e4).png (PNG copy)> <./images/explicit SW eff
ect of M_inf (Re_inf = 1e2).png (PNG copy)> <./images/implicit SW effect of M_i
nf (Re_inf = 1e2).png (PNG copy)> <./images/explicit roe effect of M_inf (Re_in
f = 1e2).png (PNG copy)>] [20 <./images/explicit SW effect of Re_inf (M_inf = 0
.2).png (PNG copy)> <./images/implicit SW effect of Re_inf (M_inf = 0.2).png (P
NG copy)> <./images/explicit roe effect of Re_inf (M_inf = 0.2).png (PNG copy)>
 <./images/explicit SW effect of Re_inf (M_inf = 2).png (PNG copy)> <./images/i
mplicit SW effect of Re_inf (M_inf = 2).png (PNG copy)> <./images/explicit roe 
effect of Re_inf (M_inf = 2).png (PNG copy)>]
<images/compering schemes viscous vs inviscid explicit roe (u) over time (Re_in
f = 1e4).png, id=511, 589.18117pt x 413.20372pt>
File: images/compering schemes viscous vs inviscid explicit roe (u) over time (
Re_inf = 1e4).png Graphic file (type png)
<use images/compering schemes viscous vs inviscid explicit roe (u) over time (R
e_inf = 1e4).png>
Package pdftex.def Info: images/compering schemes viscous vs inviscid explicit 
roe (u) over time (Re_inf = 1e4).png  used on input line 1157.
(pdftex.def)             Requested size: 184.37135pt x 129.30238pt.
<images/compering schemes viscous vs inviscid explicit roe (rho) over time (Re_
inf = 1e4).png, id=512, 585.92903pt x 413.20372pt>
File: images/compering schemes viscous vs inviscid explicit roe (rho) over time
 (Re_inf = 1e4).png Graphic file (type png)
<use images/compering schemes viscous vs inviscid explicit roe (rho) over time 
(Re_inf = 1e4).png>
Package pdftex.def Info: images/compering schemes viscous vs inviscid explicit 
roe (rho) over time (Re_inf = 1e4).png  used on input line 1162.
(pdftex.def)             Requested size: 184.37135pt x 130.02115pt.
<images/compering schemes viscous vs inviscid explicit roe (pressure) over time
 (Re_inf = 1e4).png, id=513, 577.4373pt x 413.20372pt>
File: images/compering schemes viscous vs inviscid explicit roe (pressure) over
 time (Re_inf = 1e4).png Graphic file (type png)
<use images/compering schemes viscous vs inviscid explicit roe (pressure) over 
time (Re_inf = 1e4).png>
Package pdftex.def Info: images/compering schemes viscous vs inviscid explicit 
roe (pressure) over time (Re_inf = 1e4).png  used on input line 1167.
(pdftex.def)             Requested size: 184.37135pt x 131.93155pt.
<images/compering schemes viscous vs inviscid explicit roe (u) over time (Re_in
f = 1e2).png, id=514, 589.7232pt x 413.20372pt>
File: images/compering schemes viscous vs inviscid explicit roe (u) over time (
Re_inf = 1e2).png Graphic file (type png)
<use images/compering schemes viscous vs inviscid explicit roe (u) over time (R
e_inf = 1e2).png>
Package pdftex.def Info: images/compering schemes viscous vs inviscid explicit 
roe (u) over time (Re_inf = 1e2).png  used on input line 1179.
(pdftex.def)             Requested size: 184.37135pt x 129.18259pt.
<images/compering schemes viscous vs inviscid explicit roe (rho) over time (Re_
inf = 1e2).png, id=515, 585.92903pt x 413.20372pt>
File: images/compering schemes viscous vs inviscid explicit roe (rho) over time
 (Re_inf = 1e2).png Graphic file (type png)
<use images/compering schemes viscous vs inviscid explicit roe (rho) over time 
(Re_inf = 1e2).png>
Package pdftex.def Info: images/compering schemes viscous vs inviscid explicit 
roe (rho) over time (Re_inf = 1e2).png  used on input line 1184.
(pdftex.def)             Requested size: 184.37135pt x 130.02115pt.
<images/compering schemes viscous vs inviscid explicit roe (pressure) over time
 (Re_inf = 1e2).png, id=516, 577.4373pt x 413.20372pt>
File: images/compering schemes viscous vs inviscid explicit roe (pressure) over
 time (Re_inf = 1e2).png Graphic file (type png)
<use images/compering schemes viscous vs inviscid explicit roe (pressure) over 
time (Re_inf = 1e2).png>
Package pdftex.def Info: images/compering schemes viscous vs inviscid explicit 
roe (pressure) over time (Re_inf = 1e2).png  used on input line 1189.
(pdftex.def)             Requested size: 184.37135pt x 131.93155pt.

Underfull \hbox (badness 10000) in paragraph at lines 1153--1199

 []


Underfull \hbox (badness 10000) in paragraph at lines 1153--1199

 []

[21 <./images/compering schemes viscous vs inviscid explicit roe (u) over time 
(Re_inf = 1e4).png (PNG copy)> <./images/compering schemes viscous vs inviscid 
explicit roe (rho) over time (Re_inf = 1e4).png (PNG copy)> <./images/compering
 schemes viscous vs inviscid explicit roe (pressure) over time (Re_inf = 1e4).p
ng (PNG copy)> <./images/compering schemes viscous vs inviscid explicit roe (u)
 over time (Re_inf = 1e2).png (PNG copy)> <./images/compering schemes viscous v
s inviscid explicit roe (rho) over time (Re_inf = 1e2).png (PNG copy)> <./image
s/compering schemes viscous vs inviscid explicit roe (pressure) over time (Re_i
nf = 1e2).png (PNG copy)>] [22]
<images/flow chart.png, id=529, 762.777pt x 536.331pt>
File: images/flow chart.png Graphic file (type png)
<use images/flow chart.png>
Package pdftex.def Info: images/flow chart.png  used on input line 1230.
(pdftex.def)             Requested size: 455.24411pt x 320.09885pt.
 
AED: lastpage setting LastPage
[23 <./images/flow chart.png>] (./hw2.aux)

LaTeX Font Warning: Size substitutions with differences
(Font)              up to 0.5pt have occurred.

Package rerunfilecheck Info: File `hw2.out' has not changed.
(rerunfilecheck)             Checksum: EBEFD6CF4B3E3EB8BC08401E0A8A8E6F;6721.
 ) 
Here is how much of TeX's memory you used:
 15220 strings out of 478287
 257320 string characters out of 5849288
 617261 words of memory out of 5000000
 32978 multiletter control sequences out of 15000+600000
 484086 words of font info for 89 fonts, out of 8000000 for 9000
 1141 hyphenation exceptions out of 8191
 110i,20n,106p,586b,657s stack positions out of 5000i,500n,10000p,200000b,80000s
{/usr/share/texmf/fonts/enc/dvips/cm-super/cm-super-ts1.enc}</usr/share/texli
ve/texmf-dist/fonts/type1/public/amsfonts/cm/cmbx10.pfb></usr/share/texlive/tex
mf-dist/fonts/type1/public/amsfonts/cm/cmbx12.pfb></usr/share/texlive/texmf-dis
t/fonts/type1/public/amsfonts/cm/cmex10.pfb></usr/share/texlive/texmf-dist/font
s/type1/public/amsfonts/cm/cmmi10.pfb></usr/share/texlive/texmf-dist/fonts/type
1/public/amsfonts/cm/cmmi6.pfb></usr/share/texlive/texmf-dist/fonts/type1/publi
c/amsfonts/cm/cmmi8.pfb></usr/share/texlive/texmf-dist/fonts/type1/public/amsfo
nts/cm/cmr10.pfb></usr/share/texlive/texmf-dist/fonts/type1/public/amsfonts/cm/
cmr12.pfb></usr/share/texlive/texmf-dist/fonts/type1/public/amsfonts/cm/cmr17.p
fb></usr/share/texlive/texmf-dist/fonts/type1/public/amsfonts/cm/cmr6.pfb></usr
/share/texlive/texmf-dist/fonts/type1/public/amsfonts/cm/cmr7.pfb></usr/share/t
exlive/texmf-dist/fonts/type1/public/amsfonts/cm/cmr8.pfb></usr/share/texlive/t
exmf-dist/fonts/type1/public/amsfonts/cm/cmsl10.pfb></usr/share/texlive/texmf-d
ist/fonts/type1/public/amsfonts/cm/cmsy10.pfb></usr/share/texlive/texmf-dist/fo
nts/type1/public/amsfonts/cm/cmsy6.pfb></usr/share/texlive/texmf-dist/fonts/typ
e1/public/amsfonts/cm/cmsy7.pfb></usr/share/texlive/texmf-dist/fonts/type1/publ
ic/amsfonts/cm/cmsy8.pfb></usr/share/texlive/texmf-dist/fonts/type1/public/amsf
onts/cm/cmti10.pfb></usr/share/texlive/texmf-dist/fonts/type1/public/amsfonts/e
uler/eufm10.pfb></usr/share/texlive/texmf-dist/fonts/type1/public/fourier/fouri
er-orns.pfb></usr/share/texlive/texmf-dist/fonts/type1/public/amsfonts/symbols/
msam10.pfb></usr/share/texmf/fonts/type1/public/cm-super/sfrm1095.pfb>
Output written on hw2.pdf (28 pages, 16462765 bytes).
PDF statistics:
 664 PDF objects out of 1000 (max. 8388607)
 548 compressed objects within 6 object streams
 154 named destinations out of 1000 (max. 500000)
 496 words of extra memory for PDF output out of 10000 (max. 10000000)

